  In file included from ..\..\jsrc\amn.c:10:
  In file included from ..\..\jsrc/j.h:2312:
..\..\jsrc/jgmp.h(126,10): fatal error : 'mpir.h' file not found
  In file included from ..\..\jsrc\am.c:6:
  In file included from ..\..\jsrc/j.h:2312:
..\..\jsrc/jgmp.h(126,10): fatal error : 'mpir.h' file not found
  In file included from ..\..\jsrc\a.c:6:
  In file included from ..\..\jsrc/j.h:2312:
..\..\jsrc/jgmp.h(126,10): fatal  error : 'mpir.h' file not found
  In file included from ..\..\jsrc\ai.c:6:
  In file included from ..\..\jsrc/j.h:2312:
..\..\jsrc/jgmp.h(126,10): fatal error : 'mpir.h' file not found
  In file included from ..\..\jsrc\ab.c:8:
  In file included from ..\..\jsrc/j.h:2312:
..\..\jsrc/jgmp.h(126,10): fatal error : 'mpir.h' file not found
  In file included from ..\..\jsrc\aes-ni.c:6:
  In file included from ..\..\jsrc/j.h:2312:
..\..\jsrc/jgmp.h(126,10): fatal error : 'mpir.h' file not found
  In file included from ..\..\jsrc\aes-sse2.c:6:
  In file included from ..\..\jsrc/j.h:2312:
..\..\jsrc/jgmp.h(126,10): fatal error : 'mpir.h' file not found
  In file included from ..\..\jsrc\af.c:6:
  In file included from ..\..\jsrc/j.h:2312:
..\..\jsrc/jgmp.h(126,10): fatal error : 'mpir.h' file not found
  In file included from ..\..\jsrc\au.c:6:
  In file included from ..\..\jsrc/j.h:2312:
..\..\jsrc/jgmp.h(126,10): fatal error : 'mpir.h' file not found
  In file included from ..\..\jsrc\ar.c:6:
  In file included from ..\..\jsrc/j.h:2312:
..\..\jsrc/jgmp.h(126,10): fatal error : 'mpir.h' file not found
  In file included from ..\..\jsrc\as.c:6:
  In file included from ..\..\jsrc/j.h:2312:
..\..\jsrc/jgmp.h(126,10): fatal error : 'mpir.h' file not found
  In file included from ..\..\jsrc\ap.c:6:
  In file included from ..\..\jsrc/j.h:2312:
..\..\jsrc/jgmp.h(126,10): fatal error : 'mpir.h' file not found
  In file included from ..\..\jsrc\ao.c:6:
  In file included from ..\..\jsrc/j.h:2312:
..\..\jsrc/jgmp.h(126,10): fatal error : 'mpir.h' file not found
  In file included from ..\..\jsrc\am1.c:10:
  In file included from ..\..\jsrc/j.h:2312:
..\..\jsrc/jgmp.h(126,10): fatal error : 'mpir.h' file not found
  In file included from ..\..\jsrc\c.c:6:
  In file included from ..\..\jsrc/j.h:2312:
..\..\jsrc/jgmp.h(126,10): fatal error : 'mpir.h' file not found
