  Generating ../../include/sleef.h
  Generating sleef.h: mkrename "cinz_" "2" "4" "__m128d" "__m128" "__m128i" "__m128i" "__SSE2__"
  Generating sleef.h: mkrename "cinz_" "2" "4" "__m128d" "__m128" "__m128i" "__m128i" "__SSE2__" "sse2"
  Generating sleef.h: mkrename "cinz_" "2" "4" "__m128d" "__m128" "__m128i" "__m128i" "__SSE2__" "sse4"
  Generating sleef.h: mkrename "cinz_" "4" "8" "__m256d" "__m256" "__m128i" "struct { __m128i x, y; }" "__AVX__"
  Generating sleef.h: mkrename "cinz_" "4" "8" "__m256d" "__m256" "__m128i" "struct { __m128i x, y; }" "__AVX__" "avx"
  Generating sleef.h: mkrename "finz_" "4" "8" "__m256d" "__m256" "__m128i" "struct { __m128i x, y; }" "__AVX__" "fma4"
  Generating sleef.h: mkrename "finz_" "4" "8" "__m256d" "__m256" "__m128i" "__m256i" "__AVX__" "avx2"
  Generating sleef.h: mkrename "finz_" "2" "4" "__m128d" "__m128" "__m128i" "__m128i" "__SSE2__" "avx2128"
  Generating sleef.h: mkrename "finz_" "8" "16" "__m512d" "__m512" "__m256i" "__m512i" "__AVX512F__"
  Generating sleef.h: mkrename "finz_" "8" "16" "__m512d" "__m512" "__m256i" "__m512i" "__AVX512F__" "avx512f"
  Generating sleef.h: mkrename "cinz_" "8" "16" "__m512d" "__m512" "__m256i" "__m512i" "__AVX512F__" "avx512fnofma"
  Generating sleef.h: mkrename "cinz_" "1" "1" "double" "float" "int32_t" "int32_t" "__STDC__" "purec"
  Generating sleef.h: mkrename "finz_" "1" "1" "double" "float" "int32_t" "int32_t" "FP_FAST_FMA" "purecfma"
  Generating include/renameavx512f.h
  Generating renameavx512f.h: mkrename "finz_" "8" "16" "avx512f"
  Generating include/renameavx512fnofma.h
  Generating renameavx512fnofma.h: mkrename "cinz_" "8" "16" "avx512fnofma"
  Generating include/renameavx2.h
  Generating renameavx2.h: mkrename "finz_" "4" "8" "avx2"
  Generating include/renameavx2128.h
  Generating renameavx2128.h: mkrename "finz_" "2" "4" "avx2128"
  Generating include/renamefma4.h
  Generating renamefma4.h: mkrename "finz_" "4" "8" "fma4"
  Generating include/renameavx.h
  Generating renameavx.h: mkrename "cinz_" "4" "8" "avx"
  Generating include/renamesse4.h
  Generating renamesse4.h: mkrename "cinz_" "2" "4" "sse4"
  Generating include/renamesse2.h
  Generating renamesse2.h: mkrename "cinz_" "2" "4" "sse2"
  Generating include/renamepurec_scalar.h
  Generating renamepurec_scalar.h: mkrename "cinz_" "1" "1" "purec"
  Generating include/renamepurecfma_scalar.h
  Generating renamepurecfma_scalar.h: mkrename "finz_" "1" "1" "purecfma"
  Building Custom Rule C:/git/sleef-3.X/src/libm/CMakeLists.txt
